<?xml version="1.0" encoding="UTF-8"?>
<testsuites name="Mocha Tests" time="86.7450" tests="3" failures="1" skipped="1">
  <testsuite name="Root Suite" timestamp="2022-03-08T11:48:13" tests="0" time="0.0000" failures="0">
  </testsuite>
  <testsuite name="CCD 1v1 - General Application Journey @maddy" timestamp="2022-03-08T11:48:13" tests="3" file="/Users/admin/Documents/GitHub/civil-general-apps-ccd-definition/e2e/tests/1v1GeneralApplication_test.js" time="86.7430" failures="1">
    <testcase name="CCD 1v1 - General Application Journey @maddy: Create case for 1v1" time="6.5580" classname="Create case for 1v1">
    </testcase>
    <testcase name="CCD 1v1 - General Application Journey @maddy: Create Single general application for 1v1 and respond to application" time="77.7060" classname="Create Single general application for 1v1 and respond to application">
      <failure message="expected web application to include &quot;Application Submitted - Awaiting Judicial Decision&quot;" type="Error"><![CDATA[expected web application to include "Application Submitted - Awaiting Judicial Decision"]]></failure>
    </testcase>
  </testsuite>
</testsuites>