<?xml version="1.0" encoding="UTF-8"?>
<testsuites name="Mocha Tests" time="396.2740" tests="5" failures="1" skipped="1">
  <testsuite name="Root Suite" timestamp="2022-04-20T09:39:46" tests="0" time="0.0000" failures="0">
  </testsuite>
  <testsuite name="CCD 1v1 - General Application Journey @e2e-tests" timestamp="2022-04-20T09:39:46" tests="2" file="/Users/admin/Documents/GitHub/civil-general-apps-ccd-definition/e2e/tests/1v1GeneralApplication_test.js" time="191.7710" failures="0">
    <testcase name="CCD 1v1 - General Application Journey @e2e-tests: Create single general application for 1v1 - Make an order journey" time="92.6020" classname="Create single general application for 1v1 - Make an order journey">
    </testcase>
    <testcase name="CCD 1v1 - General Application Journey @e2e-tests: Create multiple general applications for 1v1 - Request more information journey" time="98.2250" classname="Create multiple general applications for 1v1 - Request more information journey">
    </testcase>
  </testsuite>
  <testsuite name="CCD 1v2 Different Solicitor - General Application Journey @multiparty-e2e-tests" timestamp="2022-04-20T09:42:58" tests="1" file="/Users/admin/Documents/GitHub/civil-general-apps-ccd-definition/e2e/tests/multiparty-ga-tests/1v2_different_solicitor_GeneralApplication_test.js" time="105.1790" failures="0">
    <testcase name="CCD 1v2 Different Solicitor - General Application Journey @multiparty-e2e-tests: GA for 1v2 different Solicitor - respond to application - List for a hearing journey" time="105.0750" classname="GA for 1v2 different Solicitor - respond to application - List for a hearing journey">
    </testcase>
  </testsuite>
  <testsuite name="CCD 1v2 Same Solicitor - General Application Journey @multiparty-e2e-tests" timestamp="2022-04-20T09:44:43" tests="2" file="/Users/admin/Documents/GitHub/civil-general-apps-ccd-definition/e2e/tests/multiparty-ga-tests/1v2_same_solicitor_GeneralApplication_test.js" time="99.3220" failures="1">
    <testcase name="CCD 1v2 Same Solicitor - General Application Journey @multiparty-e2e-tests: GA for 1v2 Same Solicitor - respond to application - Sequential written representations journey" time="99.2150" classname="GA for 1v2 Same Solicitor - respond to application - Sequential written representations journey">
      <failure message="expected web application to include &quot;Awaiting Respondent Response&quot;" type="Error"><![CDATA[expected web application to include "Awaiting Respondent Response"]]></failure>
    </testcase>
  </testsuite>
</testsuites>